2025-08-24T09:37:01.249070 - STEP: Ingestion - start
2025-08-24T09:37:01.277756 - Ingestion: read 5010 rows and 14 columns from /mnt/data/Kaggle_bank_churn.csv
2025-08-24T09:37:01.300164 - STEP: Validation - start
2025-08-24T09:37:01.322093 - Validation: saved report to /mnt/data/pipeline_outputs/validation_report_20250824_093701.json
2025-08-24T09:37:01.322525 - STEP: Preparation - start
2025-08-24T09:37:01.344135 - Preparation: removed 10 duplicate rows
2025-08-24T09:37:01.353147 - Preparation: filled 50 nulls in categorical column 'Surname' with mode='Muller'
2025-08-24T09:37:01.354956 - Preparation: filled 100 nulls in numeric column 'Tenure' with median=5.0
2025-08-24T09:37:01.356389 - Preparation: filled 100 nulls in numeric column 'Balance' with median=125489.4353392417
2025-08-24T09:37:01.357459 - Preparation: filled 100 nulls in numeric column 'EstimatedSalary' with median=99085.15361845518
2025-08-24T09:37:01.505339 - Preparation: saved cleaned data to /mnt/data/pipeline_outputs/cleaned_data_20250824_093701.csv (5000 rows)
2025-08-24T09:37:01.508132 - Artifact metadata saved to /mnt/data/pipeline_outputs/artifact_metadata_20250824_093701.json
2025-08-24T09:37:01.508961 - Airflow DAG template saved to /mnt/data/pipeline_outputs/airflow_pipeline_dag.py
2025-08-24T09:37:02.328914 - Validation plot saved to /mnt/data/pipeline_outputs/validation_nulls_plot_20250824_093701.png
2025-08-24T09:37:02.330974 - Pipeline run completed successfully. Produced files:
2025-08-24T09:37:02.332964 -   - /mnt/data/pipeline_outputs/airflow_pipeline_dag.py
2025-08-24T09:37:02.333352 -   - /mnt/data/pipeline_outputs/artifact_metadata_20250824_093701.json
2025-08-24T09:37:02.333518 -   - /mnt/data/pipeline_outputs/cleaned_data_20250824_093701.csv
2025-08-24T09:37:02.333592 -   - /mnt/data/pipeline_outputs/pipeline_run_20250824_093701.log
2025-08-24T09:37:02.333656 -   - /mnt/data/pipeline_outputs/validation_nulls_plot_20250824_093701.png
2025-08-24T09:37:02.333714 -   - /mnt/data/pipeline_outputs/validation_report_20250824_093701.json
